{"level":50,"time":1752991544331,"pid":53534,"hostname":"SF-WZHANG","msg":"404 Not Found: /aa"}
{"level":50,"time":1752991545925,"pid":53534,"hostname":"SF-WZHANG","msg":"404 Not Found: /aa"}
{"level":50,"time":1752991546478,"pid":53534,"hostname":"SF-WZHANG","msg":"404 Not Found: /aa"}
{"level":50,"time":1752991546658,"pid":53534,"hostname":"SF-WZHANG","msg":"404 Not Found: /aa"}
{"level":50,"time":1752991546843,"pid":53534,"hostname":"SF-WZHANG","msg":"404 Not Found: /aa"}
{"level":50,"time":1752991547101,"pid":53534,"hostname":"SF-WZHANG","msg":"404 Not Found: /aa"}
{"level":50,"time":1752991547292,"pid":53534,"hostname":"SF-WZHANG","msg":"404 Not Found: /aa"}
{"level":50,"time":1752991549117,"pid":53534,"hostname":"SF-WZHANG","msg":"404 Not Found: /aa"}
{"level":50,"time":1752991549256,"pid":53534,"hostname":"SF-WZHANG","msg":"404 Not Found: /aa"}
{"level":50,"time":1752992312309,"pid":55961,"hostname":"SF-WZHANG","msg":"404 Not Found: /aal"}
{"level":50,"time":1752992394675,"pid":55961,"hostname":"SF-WZHANG","msg":"404 Not Found: /aal"}
{"level":50,"time":1752992756920,"pid":55961,"hostname":"SF-WZHANG","msg":"404 Not Found: /aaa"}
{"level":50,"time":1752992945245,"pid":58444,"hostname":"SF-WZHANG","msg":"404 Not Found: /aaaaa"}
{"level":50,"time":1752992968204,"pid":58444,"hostname":"SF-WZHANG","msg":"404 Not Found: /ping"}
{"level":50,"time":1752993107073,"pid":58444,"hostname":"SF-WZHANG","msg":"404 Not Found: /favicon.ico"}
{"level":50,"time":1752993111899,"pid":58444,"hostname":"SF-WZHANG","msg":"404 Not Found: /favicon.ico"}
{"level":50,"time":1752993406931,"pid":58444,"hostname":"SF-WZHANG","msg":"404 Not Found: /favicon.ico"}
{"level":50,"time":1752993510611,"pid":58444,"hostname":"SF-WZHANG","msg":"404 Not Found: /favicon.ico"}
{"level":50,"time":1752993603820,"pid":58444,"hostname":"SF-WZHANG","msg":"404 Not Found: /favicon.ico"}
{"level":50,"time":1752993762832,"pid":58444,"hostname":"SF-WZHANG","msg":"404 Not Found: /favicon.ico"}
{"level":50,"time":1752993813749,"pid":58444,"hostname":"SF-WZHANG","msg":"404 Not Found: /favicon.ico"}
{"level":50,"time":1752993818172,"pid":58444,"hostname":"SF-WZHANG","msg":"404 Not Found: /apply-coupon"}
{"level":50,"time":1752993818348,"pid":58444,"hostname":"SF-WZHANG","msg":"404 Not Found: /favicon.ico"}
{"level":50,"time":1752993820216,"pid":58444,"hostname":"SF-WZHANG","msg":"404 Not Found: /favicon.ico"}
{"level":50,"time":1752994066994,"pid":58444,"hostname":"SF-WZHANG","msg":"404 Not Found: /favicon.ico"}
{"level":50,"time":1752994283770,"pid":58444,"hostname":"SF-WZHANG","msg":"404 Not Found: /favicon.ico"}
{"level":50,"time":1752994319929,"pid":58444,"hostname":"SF-WZHANG","msg":"404 Not Found: /favicon.ico"}
{"level":50,"time":1752994325526,"pid":58444,"hostname":"SF-WZHANG","msg":"404 Not Found: /favicon.ico"}
{"level":50,"time":1752994367729,"pid":58444,"hostname":"SF-WZHANG","msg":"404 Not Found: /favicon.ico"}
{"level":50,"time":1752994428996,"pid":58444,"hostname":"SF-WZHANG","msg":"404 Not Found: /favicon.ico"}
{"level":50,"time":1752994476694,"pid":63988,"hostname":"SF-WZHANG","msg":"404 Not Found: /favicon.ico"}
{"level":50,"time":1752994524146,"pid":63988,"hostname":"SF-WZHANG","msg":"404 Not Found: /favicon.ico"}
{"level":50,"time":1752994551224,"pid":63988,"hostname":"SF-WZHANG","msg":"404 Not Found: /favicon.ico"}
{"level":50,"time":1752994566795,"pid":63988,"hostname":"SF-WZHANG","msg":"404 Not Found: /favicon.ico"}
{"level":50,"time":1752994587011,"pid":63988,"hostname":"SF-WZHANG","msg":"404 Not Found: /favicon.ico"}
{"level":50,"time":1752994615356,"pid":63988,"hostname":"SF-WZHANG","msg":"404 Not Found: /submit-order"}
{"level":50,"time":1752994615528,"pid":63988,"hostname":"SF-WZHANG","msg":"404 Not Found: /favicon.ico"}
{"level":50,"time":1752994617597,"pid":63988,"hostname":"SF-WZHANG","msg":"404 Not Found: /favicon.ico"}
{"level":50,"time":1752994619122,"pid":63988,"hostname":"SF-WZHANG","msg":"404 Not Found: /submit-order"}
{"level":50,"time":1752994619167,"pid":63988,"hostname":"SF-WZHANG","msg":"404 Not Found: /favicon.ico"}
{"level":50,"time":1752994620333,"pid":63988,"hostname":"SF-WZHANG","msg":"404 Not Found: /favicon.ico"}
{"level":50,"time":1752994622193,"pid":63988,"hostname":"SF-WZHANG","msg":"404 Not Found: /favicon.ico"}
{"level":50,"time":1752994624024,"pid":63988,"hostname":"SF-WZHANG","msg":"404 Not Found: /favicon.ico"}
{"level":50,"time":1752994626527,"pid":63988,"hostname":"SF-WZHANG","msg":"404 Not Found: /favicon.ico"}
{"level":50,"time":1752994628323,"pid":63988,"hostname":"SF-WZHANG","msg":"404 Not Found: /favicon.ico"}
{"level":50,"time":1752994630814,"pid":63988,"hostname":"SF-WZHANG","msg":"404 Not Found: /favicon.ico"}
{"level":50,"time":1752994631762,"pid":63988,"hostname":"SF-WZHANG","msg":"404 Not Found: /favicon.ico"}
{"level":50,"time":1752994633986,"pid":63988,"hostname":"SF-WZHANG","msg":"404 Not Found: /favicon.ico"}
{"level":50,"time":1752994665251,"pid":63988,"hostname":"SF-WZHANG","msg":"404 Not Found: /dashboard?query=ss"}
{"level":50,"time":1752994665293,"pid":63988,"hostname":"SF-WZHANG","msg":"404 Not Found: /favicon.ico"}
{"level":50,"time":1752994671244,"pid":63988,"hostname":"SF-WZHANG","msg":"404 Not Found: /favicon.ico"}
{"level":50,"time":1752994684105,"pid":63988,"hostname":"SF-WZHANG","msg":"404 Not Found: /dashboard?query=affa"}
{"level":50,"time":1752994684242,"pid":63988,"hostname":"SF-WZHANG","msg":"404 Not Found: /favicon.ico"}
{"level":50,"time":1752994689138,"pid":63988,"hostname":"SF-WZHANG","msg":"404 Not Found: /favicon.ico"}
{"level":50,"time":1752994804764,"pid":65228,"hostname":"SF-WZHANG","msg":"404 Not Found: /favicon.ico"}
{"level":50,"time":1752994810271,"pid":65228,"hostname":"SF-WZHANG","msg":"404 Not Found: /favicon.ico"}
{"level":50,"time":1752994822910,"pid":65228,"hostname":"SF-WZHANG","msg":"404 Not Found: /favicon.ico"}
{"level":50,"time":1752995435191,"pid":68461,"hostname":"SF-WZHANG","msg":"404 Not Found: /favicon.ico"}
{"level":50,"time":1752995449297,"pid":68461,"hostname":"SF-WZHANG","msg":"404 Not Found: /favicon.ico"}
{"level":50,"time":1752995456631,"pid":68461,"hostname":"SF-WZHANG","msg":"404 Not Found: /favicon.ico"}
{"level":50,"time":1752995973768,"pid":70871,"hostname":"SF-WZHANG","msg":"404 Not Found: /favicon.ico"}
{"level":50,"time":1752995979005,"pid":70871,"hostname":"SF-WZHANG","msg":"404 Not Found: /font/fonts/bootstrap-icons.woff2?1fa40e8900654d2863d011707b9fb6f2"}
{"level":50,"time":1752995979011,"pid":70871,"hostname":"SF-WZHANG","msg":"404 Not Found: /font/fonts/bootstrap-icons.woff?1fa40e8900654d2863d011707b9fb6f2"}
{"level":50,"time":1752995979033,"pid":70871,"hostname":"SF-WZHANG","msg":"404 Not Found: /favicon.ico"}
{"level":50,"time":1752996018584,"pid":70871,"hostname":"SF-WZHANG","msg":"404 Not Found: /account/font/bootstrap-icons.css"}
{"level":50,"time":1752996018612,"pid":70871,"hostname":"SF-WZHANG","msg":"404 Not Found: /favicon.ico"}
{"level":50,"time":1752996048458,"pid":71249,"hostname":"SF-WZHANG","msg":"404 Not Found: /favicon.ico"}
{"level":50,"time":1752996059953,"pid":71249,"hostname":"SF-WZHANG","msg":"404 Not Found: /account/font/bootstrap-icons.css"}
{"level":50,"time":1752996059979,"pid":71249,"hostname":"SF-WZHANG","msg":"404 Not Found: /favicon.ico"}
{"level":50,"time":1752996301576,"pid":71249,"hostname":"SF-WZHANG","msg":"404 Not Found: /favicon.ico"}
{"level":50,"time":1752996891953,"pid":74378,"hostname":"SF-WZHANG","msg":"404 Not Found: /bootstrap-icons.css"}
{"level":50,"time":1752996895298,"pid":74378,"hostname":"SF-WZHANG","msg":"404 Not Found: /favicon.ico"}
{"level":50,"time":1752996937271,"pid":74378,"hostname":"SF-WZHANG","msg":"404 Not Found: /css/fonts/bootstrap-icons.woff2?1fa40e8900654d2863d011707b9fb6f2"}
{"level":50,"time":1752996937274,"pid":74378,"hostname":"SF-WZHANG","msg":"404 Not Found: /css/fonts/bootstrap-icons.woff?1fa40e8900654d2863d011707b9fb6f2"}
{"level":50,"time":1752996937295,"pid":74378,"hostname":"SF-WZHANG","msg":"404 Not Found: /favicon.ico"}
{"level":50,"time":1752997007521,"pid":74947,"hostname":"SF-WZHANG","msg":"404 Not Found: /bootstrap-icons.css"}
{"level":50,"time":1752997007544,"pid":74947,"hostname":"SF-WZHANG","msg":"404 Not Found: /favicon.ico"}
{"level":50,"time":1752997051420,"pid":75144,"hostname":"SF-WZHANG","msg":"404 Not Found: /bootstrap-icons.css"}
{"level":50,"time":1752997051447,"pid":75144,"hostname":"SF-WZHANG","msg":"404 Not Found: /favicon.ico"}
{"level":50,"time":1752997052294,"pid":75144,"hostname":"SF-WZHANG","msg":"404 Not Found: /bootstrap-icons.css"}
{"level":50,"time":1752997052318,"pid":75144,"hostname":"SF-WZHANG","msg":"404 Not Found: /favicon.ico"}
{"level":50,"time":1752997054121,"pid":75144,"hostname":"SF-WZHANG","msg":"404 Not Found: /bootstrap-icons.css"}
{"level":50,"time":1752997054143,"pid":75144,"hostname":"SF-WZHANG","msg":"404 Not Found: /favicon.ico"}
{"level":50,"time":1752997054592,"pid":75144,"hostname":"SF-WZHANG","msg":"404 Not Found: /bootstrap-icons.css"}
{"level":50,"time":1752997054617,"pid":75144,"hostname":"SF-WZHANG","msg":"404 Not Found: /favicon.ico"}
{"level":50,"time":1752997055331,"pid":75144,"hostname":"SF-WZHANG","msg":"404 Not Found: /bootstrap-icons.css"}
{"level":50,"time":1752997055356,"pid":75144,"hostname":"SF-WZHANG","msg":"404 Not Found: /favicon.ico"}
{"level":50,"time":1752997075715,"pid":75260,"hostname":"SF-WZHANG","msg":"404 Not Found: /bootstrap-icons.css"}
{"level":50,"time":1752997075736,"pid":75260,"hostname":"SF-WZHANG","msg":"404 Not Found: /favicon.ico"}
{"level":50,"time":1752997142468,"pid":75260,"hostname":"SF-WZHANG","msg":"404 Not Found: /favicon.ico"}
{"level":50,"time":1752997525380,"pid":76960,"hostname":"SF-WZHANG","msg":"404 Not Found: /.well-known/appspecific/com.chrome.devtools.json"}
{"level":50,"time":1752997525414,"pid":76960,"hostname":"SF-WZHANG","msg":"404 Not Found: /css/bootstrap.min.css.map"}
{"level":50,"time":1752997536084,"pid":76960,"hostname":"SF-WZHANG","msg":"404 Not Found: /css/fonts/bootstrap-icons.woff2?1fa40e8900654d2863d011707b9fb6f2"}
{"level":50,"time":1752997625933,"pid":76960,"hostname":"SF-WZHANG","msg":"404 Not Found: /css/fonts/bootstrap-icons.woff2?1fa40e8900654d2863d011707b9fb6f2"}
{"level":50,"time":1752997625937,"pid":76960,"hostname":"SF-WZHANG","msg":"404 Not Found: /css/fonts/bootstrap-icons.woff?1fa40e8900654d2863d011707b9fb6f2"}
{"level":50,"time":1752998104916,"pid":79415,"hostname":"SF-WZHANG","msg":"404 Not Found: /css/bootstrap.min.css"}
{"level":50,"time":1752999937916,"pid":87636,"hostname":"SF-WZHANG","msg":"404 Not Found: /submit-order"}
{"level":50,"time":1753000183172,"pid":88773,"hostname":"SF-WZHANG","msg":"404 Not Found: /apply-coupon"}
{"level":50,"time":1753032706468,"pid":26568,"hostname":"SF-WZHANG","msg":"Pool DB failed to get client"}
{"level":50,"time":1753032978630,"pid":29069,"hostname":"SF-WZHANG","msg":"Pool DB failed to get client"}
{"level":50,"time":1753032995190,"pid":29069,"hostname":"SF-WZHANG","msg":"Pool DB failed to get client"}
{"level":50,"time":1753033069728,"pid":29069,"hostname":"SF-WZHANG","msg":"Pool DB failed to get client"}
{"level":50,"time":1753033087589,"pid":30105,"hostname":"SF-WZHANG","msg":"Pool DB failed to get client"}
{"level":50,"time":1753033180907,"pid":29069,"hostname":"SF-WZHANG","msg":"Pool DB failed to get client"}
{"level":50,"time":1753033187316,"pid":30746,"hostname":"SF-WZHANG","msg":"Pool DB failed to get client"}
{"level":50,"time":1753033277085,"pid":31602,"hostname":"SF-WZHANG","msg":"Pool DB failed to get client"}
{"level":50,"time":1753033376598,"pid":32094,"hostname":"SF-WZHANG","msg":"Pool DB failed to get client"}
{"level":50,"time":1753033507903,"pid":32727,"hostname":"SF-WZHANG","msg":"Pool DB failed to get client"}
{"level":50,"time":1753033706940,"pid":33574,"hostname":"SF-WZHANG","msg":"Pool DB failed to get client"}
{"level":50,"time":1753033879834,"pid":34690,"hostname":"SF-WZHANG","msg":"Pool DB failed to get client"}
{"level":50,"time":1753033923517,"pid":35031,"hostname":"SF-WZHANG","msg":"Pool DB failed to get client"}
{"level":50,"time":1753033933288,"pid":35189,"hostname":"SF-WZHANG","msg":"Pool DB failed to get client"}
{"level":50,"time":1753034112971,"pid":35945,"hostname":"SF-WZHANG","msg":"Pool DB failed to get client"}
{"level":50,"time":1753034340144,"pid":36950,"hostname":"SF-WZHANG","msg":"Pool DB failed to get client"}
{"level":50,"time":1753042248349,"pid":75168,"hostname":"SF-WZHANG","msg":"Pool DB failed to execute query"}
{"level":50,"time":1753042322566,"pid":75168,"hostname":"SF-WZHANG","msg":"Pool DB failed to execute query"}
{"level":50,"time":1753042325972,"pid":75930,"hostname":"SF-WZHANG","msg":"Pool DB failed to execute query"}
