{"level":30,"time":1752975175822,"pid":88256,"hostname":"SF-WZHANG","msg":"✅ Registered GET /account → /Users/weiyangzhang/SecurityTestWS/vulApp/controllers/account/index.js"}
{"level":30,"time":1752975175822,"pid":88256,"hostname":"SF-WZHANG","msg":"✅ Registered GET /account/profile → /Users/weiyangzhang/SecurityTestWS/vulApp/controllers/account/profile.js"}
{"level":30,"time":1752975175822,"pid":88256,"hostname":"SF-WZHANG","msg":"✅ Registered POST /account/update → /Users/weiyangzhang/SecurityTestWS/vulApp/controllers/account/update.js"}
{"level":30,"time":1752975175822,"pid":88256,"hostname":"SF-WZHANG","msg":"✅ Registered POST /account/login → /Users/weiyangzhang/SecurityTestWS/vulApp/controllers/account/login.js"}
{"level":30,"time":1752975175823,"pid":88256,"hostname":"SF-WZHANG","msg":"🚀 Server is running on http://localhost:3000"}
{"level":30,"time":1752975217807,"pid":88503,"hostname":"SF-WZHANG","msg":"🚀 Server is running on http://localhost:3000"}
{"level":30,"time":1752975317932,"pid":88983,"hostname":"SF-WZHANG","msg":"🚀 Server is running on http://localhost:3000"}
{"level":30,"time":1752975491312,"pid":89795,"hostname":"SF-WZHANG","msg":"🚀 Server is running on http://localhost:3000"}
{"level":30,"time":1752976539523,"pid":94538,"hostname":"SF-WZHANG","msg":"🚀 Server is running on http://localhost:3000"}
{"level":30,"time":1752976976452,"pid":96139,"hostname":"SF-WZHANG","msg":"🚀 Server is running on http://localhost:3000"}
{"level":30,"time":1752977500416,"pid":98078,"hostname":"SF-WZHANG","msg":"🚀 Server is running on http://localhost:3000"}
{"level":30,"time":1752977975579,"pid":212,"hostname":"SF-WZHANG","msg":"🚀 Server is running on http://localhost:3000"}
{"level":30,"time":1752978062166,"pid":853,"hostname":"SF-WZHANG","msg":"🚀 Server is running on http://localhost:3000"}
{"level":30,"time":1752978109534,"pid":1155,"hostname":"SF-WZHANG","msg":"🚀 Server is running on http://localhost:3000"}
{"level":30,"time":1752978415680,"pid":2318,"hostname":"SF-WZHANG","msg":"🚀 Server is running on http://localhost:3000"}
{"level":30,"time":1752978505869,"pid":2770,"hostname":"SF-WZHANG","msg":"🚀 Server is running on http://localhost:3000"}
{"level":40,"time":1752979157331,"pid":5010,"hostname":"SF-WZHANG","msg":"⚠️  Controller not found for route / → /Users/weiyangzhang/SecurityTestWS/vulApp/controllers/undefined.js"}
{"level":30,"time":1752979157333,"pid":5010,"hostname":"SF-WZHANG","msg":"🚀 Server is running on http://localhost:3000"}
{"level":40,"time":1752979292133,"pid":5580,"hostname":"SF-WZHANG","msg":"⚠️  Controller not found for route / → /Users/weiyangzhang/SecurityTestWS/vulApp/controllers/index.js"}
{"level":30,"time":1752979292135,"pid":5580,"hostname":"SF-WZHANG","msg":"🚀 Server is running on http://localhost:3000"}
{"level":30,"time":1752979474202,"pid":6591,"hostname":"SF-WZHANG","msg":"🚀 Server is running on http://localhost:3000"}
{"level":30,"time":1752979676477,"pid":7436,"hostname":"SF-WZHANG","msg":"🚀 Server is running on http://localhost:3000"}
{"level":30,"time":1752979856571,"pid":8183,"hostname":"SF-WZHANG","msg":"🚀 Server is running on http://localhost:3000"}
{"level":30,"time":1752980173935,"pid":9447,"hostname":"SF-WZHANG","msg":"🚀 Server is running on http://localhost:3000"}
{"level":30,"time":1752980332756,"pid":9976,"hostname":"SF-WZHANG","msg":"🚀 Server is running on http://localhost:3000"}
{"level":30,"time":1752980364186,"pid":10118,"hostname":"SF-WZHANG","msg":"🚀 Server is running on http://localhost:3000"}
{"level":30,"time":1752980602416,"pid":11073,"hostname":"SF-WZHANG","msg":"🚀 Server is running on http://localhost:3000"}
{"level":30,"time":1752980648951,"pid":11282,"hostname":"SF-WZHANG","msg":"🚀 Server is running on http://localhost:3000"}
{"level":30,"time":1752980672981,"pid":11440,"hostname":"SF-WZHANG","msg":"🚀 Server is running on http://localhost:3000"}
{"level":30,"time":1752980692107,"pid":11557,"hostname":"SF-WZHANG","msg":"🚀 Server is running on http://localhost:3000"}
{"level":30,"time":1752982577853,"pid":20583,"hostname":"SF-WZHANG","msg":"🚀 Server is running on http://localhost:3000"}
{"level":30,"time":1752983599779,"pid":24351,"hostname":"SF-WZHANG","msg":"🚀 Server is running on http://localhost:3000"}
{"level":30,"time":1752983830162,"pid":25399,"hostname":"SF-WZHANG","msg":"🚀 Server is running on http://localhost:3000"}
{"level":30,"time":1752984052375,"pid":26183,"hostname":"SF-WZHANG","msg":"🚀 Server is running on http://localhost:3000"}
{"level":30,"time":1752984167016,"pid":26650,"hostname":"SF-WZHANG","msg":"🚀 Server is running on http://localhost:3000"}
{"level":30,"time":1752984225342,"pid":26895,"hostname":"SF-WZHANG","msg":"🚀 Server is running on http://localhost:3000"}
{"level":30,"time":1752984266022,"pid":27084,"hostname":"SF-WZHANG","msg":"🚀 Server is running on http://localhost:3000"}
{"level":30,"time":1752984382852,"pid":27585,"hostname":"SF-WZHANG","msg":"🚀 Server is running on http://localhost:3000"}
{"level":30,"time":1752984613684,"pid":28833,"hostname":"SF-WZHANG","msg":"🚀 Server is running on http://localhost:3000"}
{"level":30,"time":1752984624617,"pid":28833,"hostname":"SF-WZHANG","msg":"User admin logged in successfully"}
{"level":30,"time":1752984739375,"pid":29308,"hostname":"SF-WZHANG","msg":"🚀 Server is running on http://localhost:3000"}
{"level":30,"time":1752984857607,"pid":29831,"hostname":"SF-WZHANG","msg":"🚀 Server is running on http://localhost:3000"}
{"level":30,"time":1752985051835,"pid":30513,"hostname":"SF-WZHANG","msg":"🚀 Server is running on http://localhost:3000"}
{"level":30,"time":1752985068964,"pid":30626,"hostname":"SF-WZHANG","msg":"🚀 Server is running on http://localhost:3000"}
{"level":30,"time":1752985119668,"pid":30626,"hostname":"SF-WZHANG","msg":"User adad logged in successfully"}
{"level":30,"time":1752985714083,"pid":32850,"hostname":"SF-WZHANG","msg":"🚀 Server is running on http://localhost:3000"}
{"level":30,"time":1752985719989,"pid":32850,"hostname":"SF-WZHANG","msg":"User admin logged in successfully"}
{"level":30,"time":1752985739347,"pid":32850,"hostname":"SF-WZHANG","msg":"User zsfafsf logged in successfully"}
{"level":30,"time":1752985761633,"pid":33142,"hostname":"SF-WZHANG","msg":"🚀 Server is running on http://localhost:3000"}
{"level":30,"time":1752985766990,"pid":33142,"hostname":"SF-WZHANG","msg":"User zsfafsf logged in successfully"}
{"level":30,"time":1752985924757,"pid":33142,"hostname":"SF-WZHANG","msg":"User zsfafsf logged in successfully"}
{"level":30,"time":1752986060121,"pid":33142,"hostname":"SF-WZHANG","msg":"User adad logged in successfully"}
{"level":30,"time":1752986167608,"pid":33142,"hostname":"SF-WZHANG","msg":"User adad logged in successfully"}
{"level":30,"time":1752986237662,"pid":33142,"hostname":"SF-WZHANG","msg":"User adad logged in successfully"}
{"level":30,"time":1752986270716,"pid":33142,"hostname":"SF-WZHANG","msg":"User adad logged in successfully"}
{"level":30,"time":1752986321853,"pid":33142,"hostname":"SF-WZHANG","msg":"User adad logged in successfully"}
{"level":30,"time":1752986418420,"pid":33142,"hostname":"SF-WZHANG","msg":"User adad logged in successfully"}
{"level":30,"time":1752986504255,"pid":33142,"hostname":"SF-WZHANG","msg":"User adad logged in successfully"}
{"level":30,"time":1752986532946,"pid":33142,"hostname":"SF-WZHANG","msg":"User adad logged in successfully"}
{"level":30,"time":1752986632473,"pid":33142,"hostname":"SF-WZHANG","msg":"User adad logged in successfully"}
{"level":30,"time":1752986660157,"pid":33142,"hostname":"SF-WZHANG","msg":"User sfsfsf logged in successfully"}
{"level":30,"time":1752986759398,"pid":33142,"hostname":"SF-WZHANG","msg":"User sfsfsf logged in successfully"}
{"level":30,"time":1752986816527,"pid":33142,"hostname":"SF-WZHANG","msg":"User sfsfsf logged in successfully"}
{"level":30,"time":1752986850048,"pid":33142,"hostname":"SF-WZHANG","msg":"User sfsfsf logged in successfully"}
{"level":30,"time":1752986886297,"pid":33142,"hostname":"SF-WZHANG","msg":"User sfsfsf logged in successfully"}
{"level":30,"time":1752986905543,"pid":33142,"hostname":"SF-WZHANG","msg":"User sfsfsf logged in successfully"}
{"level":30,"time":1752986935519,"pid":33142,"hostname":"SF-WZHANG","msg":"User sfsfsf logged in successfully"}
{"level":30,"time":1752986958761,"pid":33142,"hostname":"SF-WZHANG","msg":"User sfsfsf logged in successfully"}
{"level":30,"time":1752986969193,"pid":33142,"hostname":"SF-WZHANG","msg":"User sfsfsf logged in successfully"}
{"level":30,"time":1752987122433,"pid":33142,"hostname":"SF-WZHANG","msg":"User sfsfsf logged in successfully"}
{"level":30,"time":1752987152874,"pid":33142,"hostname":"SF-WZHANG","msg":"User sfsfsf logged in successfully"}
{"level":30,"time":1752987352769,"pid":33142,"hostname":"SF-WZHANG","msg":"User sfsfsf logged in successfully"}
{"level":30,"time":1752987389471,"pid":33142,"hostname":"SF-WZHANG","msg":"User sfsfsf logged in successfully"}
{"level":30,"time":1752987533231,"pid":33142,"hostname":"SF-WZHANG","msg":"User sfsfsf logged in successfully"}
{"level":30,"time":1752987597463,"pid":33142,"hostname":"SF-WZHANG","msg":"User sfsfsf logged in successfully"}
{"level":30,"time":1752988478007,"pid":33142,"hostname":"SF-WZHANG","msg":"User sfsfsf logged in successfully"}
{"level":30,"time":1752988669221,"pid":33142,"hostname":"SF-WZHANG","msg":"User sfsfsf logged in successfully"}
{"level":30,"time":1752988869455,"pid":33142,"hostname":"SF-WZHANG","msg":"User sfsfsf logged in successfully"}
{"level":30,"time":1752988941977,"pid":33142,"hostname":"SF-WZHANG","msg":"User sfsfsf logged in successfully"}
{"level":30,"time":1752989154583,"pid":33142,"hostname":"SF-WZHANG","msg":"User sfsfsf logged in successfully"}
{"level":30,"time":1752989182658,"pid":33142,"hostname":"SF-WZHANG","msg":"User sfsfsf logged in successfully"}
{"level":30,"time":1752989250650,"pid":33142,"hostname":"SF-WZHANG","msg":"User sfsfsf logged in successfully"}
{"level":30,"time":1752989269055,"pid":33142,"hostname":"SF-WZHANG","msg":"User sfsfsf logged in successfully"}
{"level":30,"time":1752989379301,"pid":33142,"hostname":"SF-WZHANG","msg":"User sfsfsf logged in successfully"}
{"level":30,"time":1752989405071,"pid":33142,"hostname":"SF-WZHANG","msg":"User sfsfsf logged in successfully"}
{"level":30,"time":1752989570228,"pid":33142,"hostname":"SF-WZHANG","msg":"User sfsfsf logged in successfully"}
{"level":30,"time":1752989591512,"pid":33142,"hostname":"SF-WZHANG","msg":"User sfsfsf logged in successfully"}
{"level":30,"time":1752989639069,"pid":33142,"hostname":"SF-WZHANG","msg":"User sfsfsf logged in successfully"}
{"level":30,"time":1752989743677,"pid":47064,"hostname":"SF-WZHANG","msg":"🚀 Server is running on http://localhost:3000"}
{"level":30,"time":1752990799853,"pid":50497,"hostname":"SF-WZHANG","msg":"🚀 Server is running on http://localhost:3000"}
{"level":30,"time":1752990814707,"pid":50605,"hostname":"SF-WZHANG","msg":"🚀 Server is running on http://localhost:3000"}
{"level":30,"time":1752990877429,"pid":50922,"hostname":"SF-WZHANG","msg":"🚀 Server is running on http://localhost:3000"}
{"level":30,"time":1752990961472,"pid":51269,"hostname":"SF-WZHANG","msg":"🚀 Server is running on http://localhost:3000"}
{"level":30,"time":1752990986827,"pid":51414,"hostname":"SF-WZHANG","msg":"🚀 Server is running on http://localhost:3000"}
{"level":30,"time":1752991006410,"pid":51414,"hostname":"SF-WZHANG","msg":"User sfsfsf logged in successfully"}
{"level":30,"time":1752991036722,"pid":51687,"hostname":"SF-WZHANG","msg":"🚀 Server is running on http://localhost:3000"}
{"level":30,"time":1752991319352,"pid":52689,"hostname":"SF-WZHANG","msg":"🚀 Server is running on http://localhost:3000"}
{"level":30,"time":1752991401332,"pid":52997,"hostname":"SF-WZHANG","msg":"🚀 Server is running on http://localhost:3000"}
{"level":30,"time":1752991468724,"pid":53266,"hostname":"SF-WZHANG","msg":"🚀 Server is running on http://localhost:3000"}
{"level":30,"time":1752991535641,"pid":53534,"hostname":"SF-WZHANG","msg":"🚀 Server is running on http://localhost:3000"}
{"level":50,"time":1752991544331,"pid":53534,"hostname":"SF-WZHANG","msg":"404 Not Found: /aa"}
{"level":50,"time":1752991545925,"pid":53534,"hostname":"SF-WZHANG","msg":"404 Not Found: /aa"}
{"level":50,"time":1752991546478,"pid":53534,"hostname":"SF-WZHANG","msg":"404 Not Found: /aa"}
{"level":50,"time":1752991546658,"pid":53534,"hostname":"SF-WZHANG","msg":"404 Not Found: /aa"}
{"level":50,"time":1752991546843,"pid":53534,"hostname":"SF-WZHANG","msg":"404 Not Found: /aa"}
{"level":50,"time":1752991547101,"pid":53534,"hostname":"SF-WZHANG","msg":"404 Not Found: /aa"}
{"level":50,"time":1752991547292,"pid":53534,"hostname":"SF-WZHANG","msg":"404 Not Found: /aa"}
{"level":50,"time":1752991549117,"pid":53534,"hostname":"SF-WZHANG","msg":"404 Not Found: /aa"}
{"level":50,"time":1752991549256,"pid":53534,"hostname":"SF-WZHANG","msg":"404 Not Found: /aa"}
{"level":30,"time":1752992079416,"pid":55415,"hostname":"SF-WZHANG","msg":"🚀 Server is running on http://localhost:3000"}
{"level":30,"time":1752992192898,"pid":55961,"hostname":"SF-WZHANG","msg":"🚀 Server is running on http://localhost:3000"}
{"level":50,"time":1752992312309,"pid":55961,"hostname":"SF-WZHANG","msg":"404 Not Found: /aal"}
{"level":50,"time":1752992394675,"pid":55961,"hostname":"SF-WZHANG","msg":"404 Not Found: /aal"}
{"level":50,"time":1752992756920,"pid":55961,"hostname":"SF-WZHANG","msg":"404 Not Found: /aaa"}
{"level":30,"time":1752992888375,"pid":58360,"hostname":"SF-WZHANG","msg":"🚀 Server is running on http://localhost:3000"}
{"level":30,"time":1752992897794,"pid":58444,"hostname":"SF-WZHANG","msg":"🚀 Server is running on http://localhost:3000"}
{"level":50,"time":1752992945245,"pid":58444,"hostname":"SF-WZHANG","msg":"404 Not Found: /aaaaa"}
{"level":50,"time":1752992968204,"pid":58444,"hostname":"SF-WZHANG","msg":"404 Not Found: /ping"}
{"level":50,"time":1752993107073,"pid":58444,"hostname":"SF-WZHANG","msg":"404 Not Found: /favicon.ico"}
{"level":30,"time":1752993111864,"pid":58444,"hostname":"SF-WZHANG","msg":"User asdfsf logged in successfully"}
{"level":50,"time":1752993111899,"pid":58444,"hostname":"SF-WZHANG","msg":"404 Not Found: /favicon.ico"}
{"level":30,"time":1752993406891,"pid":58444,"hostname":"SF-WZHANG","msg":"User asdfsf logged in successfully"}
{"level":50,"time":1752993406931,"pid":58444,"hostname":"SF-WZHANG","msg":"404 Not Found: /favicon.ico"}
{"level":30,"time":1752993510572,"pid":58444,"hostname":"SF-WZHANG","msg":"User asdfsf logged in successfully"}
{"level":50,"time":1752993510611,"pid":58444,"hostname":"SF-WZHANG","msg":"404 Not Found: /favicon.ico"}
{"level":50,"time":1752993603820,"pid":58444,"hostname":"SF-WZHANG","msg":"404 Not Found: /favicon.ico"}
{"level":30,"time":1752993762796,"pid":58444,"hostname":"SF-WZHANG","msg":"User asdfsf logged in successfully"}
{"level":50,"time":1752993762832,"pid":58444,"hostname":"SF-WZHANG","msg":"404 Not Found: /favicon.ico"}
{"level":30,"time":1752993813710,"pid":58444,"hostname":"SF-WZHANG","msg":"User asdfsf logged in successfully"}
{"level":50,"time":1752993813749,"pid":58444,"hostname":"SF-WZHANG","msg":"404 Not Found: /favicon.ico"}
{"level":50,"time":1752993818172,"pid":58444,"hostname":"SF-WZHANG","msg":"404 Not Found: /apply-coupon"}
{"level":50,"time":1752993818348,"pid":58444,"hostname":"SF-WZHANG","msg":"404 Not Found: /favicon.ico"}
{"level":50,"time":1752993820216,"pid":58444,"hostname":"SF-WZHANG","msg":"404 Not Found: /favicon.ico"}
{"level":30,"time":1752994066957,"pid":58444,"hostname":"SF-WZHANG","msg":"User asdfsf logged in successfully"}
{"level":50,"time":1752994066994,"pid":58444,"hostname":"SF-WZHANG","msg":"404 Not Found: /favicon.ico"}
{"level":30,"time":1752994283738,"pid":58444,"hostname":"SF-WZHANG","msg":"User asdfsf logged in successfully"}
{"level":50,"time":1752994283770,"pid":58444,"hostname":"SF-WZHANG","msg":"404 Not Found: /favicon.ico"}
{"level":50,"time":1752994319929,"pid":58444,"hostname":"SF-WZHANG","msg":"404 Not Found: /favicon.ico"}
{"level":30,"time":1752994325498,"pid":58444,"hostname":"SF-WZHANG","msg":"User ssf logged in successfully"}
{"level":50,"time":1752994325526,"pid":58444,"hostname":"SF-WZHANG","msg":"404 Not Found: /favicon.ico"}
{"level":30,"time":1752994367697,"pid":58444,"hostname":"SF-WZHANG","msg":"User ssf logged in successfully"}
{"level":50,"time":1752994367729,"pid":58444,"hostname":"SF-WZHANG","msg":"404 Not Found: /favicon.ico"}
{"level":30,"time":1752994428963,"pid":58444,"hostname":"SF-WZHANG","msg":"User ssf logged in successfully"}
{"level":50,"time":1752994428996,"pid":58444,"hostname":"SF-WZHANG","msg":"404 Not Found: /favicon.ico"}
{"level":30,"time":1752994472589,"pid":63988,"hostname":"SF-WZHANG","msg":"🚀 Server is running on http://localhost:3000"}
{"level":30,"time":1752994476660,"pid":63988,"hostname":"SF-WZHANG","msg":"User ssf logged in successfully"}
{"level":50,"time":1752994476694,"pid":63988,"hostname":"SF-WZHANG","msg":"404 Not Found: /favicon.ico"}
{"level":30,"time":1752994524100,"pid":63988,"hostname":"SF-WZHANG","msg":"User ssf logged in successfully"}
{"level":50,"time":1752994524146,"pid":63988,"hostname":"SF-WZHANG","msg":"404 Not Found: /favicon.ico"}
{"level":30,"time":1752994551193,"pid":63988,"hostname":"SF-WZHANG","msg":"User ssf logged in successfully"}
{"level":50,"time":1752994551224,"pid":63988,"hostname":"SF-WZHANG","msg":"404 Not Found: /favicon.ico"}
{"level":30,"time":1752994566752,"pid":63988,"hostname":"SF-WZHANG","msg":"User ssf logged in successfully"}
{"level":50,"time":1752994566795,"pid":63988,"hostname":"SF-WZHANG","msg":"404 Not Found: /favicon.ico"}
{"level":30,"time":1752994586972,"pid":63988,"hostname":"SF-WZHANG","msg":"User ssf logged in successfully"}
{"level":50,"time":1752994587011,"pid":63988,"hostname":"SF-WZHANG","msg":"404 Not Found: /favicon.ico"}
{"level":50,"time":1752994615356,"pid":63988,"hostname":"SF-WZHANG","msg":"404 Not Found: /submit-order"}
{"level":50,"time":1752994615528,"pid":63988,"hostname":"SF-WZHANG","msg":"404 Not Found: /favicon.ico"}
{"level":50,"time":1752994617597,"pid":63988,"hostname":"SF-WZHANG","msg":"404 Not Found: /favicon.ico"}
{"level":50,"time":1752994619122,"pid":63988,"hostname":"SF-WZHANG","msg":"404 Not Found: /submit-order"}
{"level":50,"time":1752994619167,"pid":63988,"hostname":"SF-WZHANG","msg":"404 Not Found: /favicon.ico"}
{"level":50,"time":1752994620333,"pid":63988,"hostname":"SF-WZHANG","msg":"404 Not Found: /favicon.ico"}
{"level":50,"time":1752994622193,"pid":63988,"hostname":"SF-WZHANG","msg":"404 Not Found: /favicon.ico"}
{"level":50,"time":1752994624024,"pid":63988,"hostname":"SF-WZHANG","msg":"404 Not Found: /favicon.ico"}
{"level":50,"time":1752994626527,"pid":63988,"hostname":"SF-WZHANG","msg":"404 Not Found: /favicon.ico"}
{"level":50,"time":1752994628323,"pid":63988,"hostname":"SF-WZHANG","msg":"404 Not Found: /favicon.ico"}
{"level":50,"time":1752994630814,"pid":63988,"hostname":"SF-WZHANG","msg":"404 Not Found: /favicon.ico"}
{"level":50,"time":1752994631762,"pid":63988,"hostname":"SF-WZHANG","msg":"404 Not Found: /favicon.ico"}
{"level":50,"time":1752994633986,"pid":63988,"hostname":"SF-WZHANG","msg":"404 Not Found: /favicon.ico"}
{"level":50,"time":1752994665251,"pid":63988,"hostname":"SF-WZHANG","msg":"404 Not Found: /dashboard?query=ss"}
{"level":50,"time":1752994665293,"pid":63988,"hostname":"SF-WZHANG","msg":"404 Not Found: /favicon.ico"}
{"level":50,"time":1752994671244,"pid":63988,"hostname":"SF-WZHANG","msg":"404 Not Found: /favicon.ico"}
{"level":50,"time":1752994684105,"pid":63988,"hostname":"SF-WZHANG","msg":"404 Not Found: /dashboard?query=affa"}
{"level":50,"time":1752994684242,"pid":63988,"hostname":"SF-WZHANG","msg":"404 Not Found: /favicon.ico"}
{"level":50,"time":1752994689138,"pid":63988,"hostname":"SF-WZHANG","msg":"404 Not Found: /favicon.ico"}
{"level":30,"time":1752994799241,"pid":65228,"hostname":"SF-WZHANG","msg":"🚀 Server is running on http://localhost:3000"}
{"level":50,"time":1752994804764,"pid":65228,"hostname":"SF-WZHANG","msg":"404 Not Found: /favicon.ico"}
{"level":30,"time":1752994810236,"pid":65228,"hostname":"SF-WZHANG","msg":"User sfsfsf logged in successfully"}
{"level":50,"time":1752994810271,"pid":65228,"hostname":"SF-WZHANG","msg":"404 Not Found: /favicon.ico"}
{"level":50,"time":1752994822910,"pid":65228,"hostname":"SF-WZHANG","msg":"404 Not Found: /favicon.ico"}
{"level":30,"time":1752995072346,"pid":66322,"hostname":"SF-WZHANG","msg":"🚀 Server is running on http://localhost:3000"}
{"level":30,"time":1752995188056,"pid":67128,"hostname":"SF-WZHANG","msg":"🚀 Server is running on http://localhost:3000"}
{"level":30,"time":1752995223556,"pid":67314,"hostname":"SF-WZHANG","msg":"🚀 Server is running on http://localhost:3000"}
{"level":30,"time":1752995236172,"pid":67408,"hostname":"SF-WZHANG","msg":"🚀 Server is running on http://localhost:3000"}
{"level":30,"time":1752995333657,"pid":67772,"hostname":"SF-WZHANG","msg":"🚀 Server is running on http://localhost:3000"}
{"level":30,"time":1752995404649,"pid":68190,"hostname":"SF-WZHANG","msg":"🚀 Server is running on http://localhost:3000"}
{"level":30,"time":1752995427750,"pid":68461,"hostname":"SF-WZHANG","msg":"🚀 Server is running on http://localhost:3000"}
{"level":50,"time":1752995435191,"pid":68461,"hostname":"SF-WZHANG","msg":"404 Not Found: /favicon.ico"}
{"level":30,"time":1752995449263,"pid":68461,"hostname":"SF-WZHANG","msg":"User sfsf logged in successfully"}
{"level":50,"time":1752995449297,"pid":68461,"hostname":"SF-WZHANG","msg":"404 Not Found: /favicon.ico"}
{"level":50,"time":1752995456631,"pid":68461,"hostname":"SF-WZHANG","msg":"404 Not Found: /favicon.ico"}
{"level":30,"time":1752995514899,"pid":68810,"hostname":"SF-WZHANG","msg":"🚀 Server is running on http://localhost:3000"}
{"level":30,"time":1752995560180,"pid":69007,"hostname":"SF-WZHANG","msg":"🚀 Server is running on http://localhost:3000"}
{"level":30,"time":1752995602155,"pid":69400,"hostname":"SF-WZHANG","msg":"🚀 Server is running on http://localhost:3500"}
{"level":30,"time":1752995938180,"pid":70649,"hostname":"SF-WZHANG","msg":"🚀 Server is running on http://localhost:3500"}
{"level":30,"time":1752995971173,"pid":70871,"hostname":"SF-WZHANG","msg":"🚀 Server is running on http://localhost:3000"}
{"level":50,"time":1752995973768,"pid":70871,"hostname":"SF-WZHANG","msg":"404 Not Found: /favicon.ico"}
{"level":30,"time":1752995978976,"pid":70871,"hostname":"SF-WZHANG","msg":"User sfsf logged in successfully"}
{"level":50,"time":1752995979005,"pid":70871,"hostname":"SF-WZHANG","msg":"404 Not Found: /font/fonts/bootstrap-icons.woff2?1fa40e8900654d2863d011707b9fb6f2"}
{"level":50,"time":1752995979011,"pid":70871,"hostname":"SF-WZHANG","msg":"404 Not Found: /font/fonts/bootstrap-icons.woff?1fa40e8900654d2863d011707b9fb6f2"}
{"level":50,"time":1752995979033,"pid":70871,"hostname":"SF-WZHANG","msg":"404 Not Found: /favicon.ico"}
{"level":30,"time":1752996018566,"pid":70871,"hostname":"SF-WZHANG","msg":"User sfsf logged in successfully"}
{"level":50,"time":1752996018584,"pid":70871,"hostname":"SF-WZHANG","msg":"404 Not Found: /account/font/bootstrap-icons.css"}
{"level":50,"time":1752996018612,"pid":70871,"hostname":"SF-WZHANG","msg":"404 Not Found: /favicon.ico"}
{"level":30,"time":1752996042793,"pid":71249,"hostname":"SF-WZHANG","msg":"🚀 Server is running on http://localhost:3000"}
{"level":50,"time":1752996048458,"pid":71249,"hostname":"SF-WZHANG","msg":"404 Not Found: /favicon.ico"}
{"level":30,"time":1752996059935,"pid":71249,"hostname":"SF-WZHANG","msg":"User sfsf logged in successfully"}
{"level":50,"time":1752996059953,"pid":71249,"hostname":"SF-WZHANG","msg":"404 Not Found: /account/font/bootstrap-icons.css"}
{"level":50,"time":1752996059979,"pid":71249,"hostname":"SF-WZHANG","msg":"404 Not Found: /favicon.ico"}
{"level":50,"time":1752996301576,"pid":71249,"hostname":"SF-WZHANG","msg":"404 Not Found: /favicon.ico"}
{"level":30,"time":1752996509108,"pid":72789,"hostname":"SF-WZHANG","msg":"🚀 Server is running on http://localhost:3000"}
{"level":30,"time":1752996877127,"pid":74378,"hostname":"SF-WZHANG","msg":"🚀 Server is running on http://localhost:3000"}
{"level":50,"time":1752996891953,"pid":74378,"hostname":"SF-WZHANG","msg":"404 Not Found: /bootstrap-icons.css"}
{"level":50,"time":1752996895298,"pid":74378,"hostname":"SF-WZHANG","msg":"404 Not Found: /favicon.ico"}
{"level":30,"time":1752996937236,"pid":74378,"hostname":"SF-WZHANG","msg":"User sfsf logged in successfully"}
{"level":50,"time":1752996937271,"pid":74378,"hostname":"SF-WZHANG","msg":"404 Not Found: /css/fonts/bootstrap-icons.woff2?1fa40e8900654d2863d011707b9fb6f2"}
{"level":50,"time":1752996937274,"pid":74378,"hostname":"SF-WZHANG","msg":"404 Not Found: /css/fonts/bootstrap-icons.woff?1fa40e8900654d2863d011707b9fb6f2"}
{"level":50,"time":1752996937295,"pid":74378,"hostname":"SF-WZHANG","msg":"404 Not Found: /favicon.ico"}
{"level":30,"time":1752997000618,"pid":74947,"hostname":"SF-WZHANG","msg":"🚀 Server is running on http://localhost:3000"}
{"level":50,"time":1752997007521,"pid":74947,"hostname":"SF-WZHANG","msg":"404 Not Found: /bootstrap-icons.css"}
{"level":50,"time":1752997007544,"pid":74947,"hostname":"SF-WZHANG","msg":"404 Not Found: /favicon.ico"}
{"level":30,"time":1752997048262,"pid":75144,"hostname":"SF-WZHANG","msg":"🚀 Server is running on http://localhost:3000"}
{"level":50,"time":1752997051420,"pid":75144,"hostname":"SF-WZHANG","msg":"404 Not Found: /bootstrap-icons.css"}
{"level":50,"time":1752997051447,"pid":75144,"hostname":"SF-WZHANG","msg":"404 Not Found: /favicon.ico"}
{"level":50,"time":1752997052294,"pid":75144,"hostname":"SF-WZHANG","msg":"404 Not Found: /bootstrap-icons.css"}
{"level":50,"time":1752997052318,"pid":75144,"hostname":"SF-WZHANG","msg":"404 Not Found: /favicon.ico"}
{"level":50,"time":1752997054121,"pid":75144,"hostname":"SF-WZHANG","msg":"404 Not Found: /bootstrap-icons.css"}
{"level":50,"time":1752997054143,"pid":75144,"hostname":"SF-WZHANG","msg":"404 Not Found: /favicon.ico"}
{"level":50,"time":1752997054592,"pid":75144,"hostname":"SF-WZHANG","msg":"404 Not Found: /bootstrap-icons.css"}
{"level":50,"time":1752997054617,"pid":75144,"hostname":"SF-WZHANG","msg":"404 Not Found: /favicon.ico"}
{"level":50,"time":1752997055331,"pid":75144,"hostname":"SF-WZHANG","msg":"404 Not Found: /bootstrap-icons.css"}
{"level":50,"time":1752997055356,"pid":75144,"hostname":"SF-WZHANG","msg":"404 Not Found: /favicon.ico"}
{"level":30,"time":1752997064311,"pid":75260,"hostname":"SF-WZHANG","msg":"🚀 Server is running on http://localhost:3000"}
{"level":50,"time":1752997075715,"pid":75260,"hostname":"SF-WZHANG","msg":"404 Not Found: /bootstrap-icons.css"}
{"level":50,"time":1752997075736,"pid":75260,"hostname":"SF-WZHANG","msg":"404 Not Found: /favicon.ico"}
{"level":50,"time":1752997142468,"pid":75260,"hostname":"SF-WZHANG","msg":"404 Not Found: /favicon.ico"}
{"level":30,"time":1752997422326,"pid":76740,"hostname":"SF-WZHANG","msg":"🚀 Server is running on http://localhost:3000"}
{"level":30,"time":1752997459296,"pid":76960,"hostname":"SF-WZHANG","msg":"🚀 Server is running on http://localhost:3000"}
{"level":30,"time":1752997473992,"pid":76960,"hostname":"SF-WZHANG","msg":"User aaa logged in successfully"}
{"level":50,"time":1752997525380,"pid":76960,"hostname":"SF-WZHANG","msg":"404 Not Found: /.well-known/appspecific/com.chrome.devtools.json"}
{"level":50,"time":1752997525414,"pid":76960,"hostname":"SF-WZHANG","msg":"404 Not Found: /css/bootstrap.min.css.map"}
{"level":50,"time":1752997536084,"pid":76960,"hostname":"SF-WZHANG","msg":"404 Not Found: /css/fonts/bootstrap-icons.woff2?1fa40e8900654d2863d011707b9fb6f2"}
{"level":50,"time":1752997625933,"pid":76960,"hostname":"SF-WZHANG","msg":"404 Not Found: /css/fonts/bootstrap-icons.woff2?1fa40e8900654d2863d011707b9fb6f2"}
{"level":50,"time":1752997625937,"pid":76960,"hostname":"SF-WZHANG","msg":"404 Not Found: /css/fonts/bootstrap-icons.woff?1fa40e8900654d2863d011707b9fb6f2"}
{"level":30,"time":1752997771476,"pid":78192,"hostname":"SF-WZHANG","msg":"🚀 Server is running on http://localhost:3000"}
{"level":30,"time":1752998097433,"pid":79415,"hostname":"SF-WZHANG","msg":"🚀 Server is running on http://localhost:3000"}
{"level":50,"time":1752998104916,"pid":79415,"hostname":"SF-WZHANG","msg":"404 Not Found: /css/bootstrap.min.css"}
{"level":30,"time":1752998161788,"pid":79778,"hostname":"SF-WZHANG","msg":"🚀 Server is running on http://localhost:3000"}
{"level":30,"time":1752998173911,"pid":79778,"hostname":"SF-WZHANG","msg":"User ss logged in successfully"}
{"level":40,"time":1752998645861,"pid":81535,"hostname":"SF-WZHANG","msg":"⚠️  Invalid handler in /Users/weiyangzhang/SecurityTestWS/vulApp/controllers/account/update.js"}
{"level":30,"time":1752998645862,"pid":81535,"hostname":"SF-WZHANG","msg":"🚀 Server is running on http://localhost:3000"}
{"level":40,"time":1752998837170,"pid":82244,"hostname":"SF-WZHANG","msg":"⚠️  No GET handler in /Users/weiyangzhang/SecurityTestWS/vulApp/controllers/index.js"}
{"level":40,"time":1752998837170,"pid":82244,"hostname":"SF-WZHANG","msg":"⚠️  No GET handler in /Users/weiyangzhang/SecurityTestWS/vulApp/controllers/account/index.js"}
{"level":40,"time":1752998837171,"pid":82244,"hostname":"SF-WZHANG","msg":"⚠️  No GET handler in /Users/weiyangzhang/SecurityTestWS/vulApp/controllers/account/profile.js"}
{"level":40,"time":1752998837171,"pid":82244,"hostname":"SF-WZHANG","msg":"⚠️  No POST handler in /Users/weiyangzhang/SecurityTestWS/vulApp/controllers/account/login.js"}
{"level":30,"time":1752998837172,"pid":82244,"hostname":"SF-WZHANG","msg":"🚀 Server is running on http://localhost:3000"}
{"level":40,"time":1752999024709,"pid":82907,"hostname":"SF-WZHANG","msg":"⚠️  No GET handler in /Users/weiyangzhang/SecurityTestWS/vulApp/controllers/index.js"}
{"level":40,"time":1752999024709,"pid":82907,"hostname":"SF-WZHANG","msg":"⚠️  No GET handler in /Users/weiyangzhang/SecurityTestWS/vulApp/controllers/account/index.js"}
{"level":40,"time":1752999024709,"pid":82907,"hostname":"SF-WZHANG","msg":"⚠️  No GET handler in /Users/weiyangzhang/SecurityTestWS/vulApp/controllers/account/profile.js"}
{"level":40,"time":1752999024709,"pid":82907,"hostname":"SF-WZHANG","msg":"⚠️  No POST handler in /Users/weiyangzhang/SecurityTestWS/vulApp/controllers/account/login.js"}
{"level":30,"time":1752999024710,"pid":82907,"hostname":"SF-WZHANG","msg":"🚀 Server is running on http://localhost:3000"}
{"level":40,"time":1752999066070,"pid":83123,"hostname":"SF-WZHANG","msg":"⚠️  No GET handler in /Users/weiyangzhang/SecurityTestWS/vulApp/controllers/index.js"}
{"level":40,"time":1752999066070,"pid":83123,"hostname":"SF-WZHANG","msg":"⚠️  No GET handler in /Users/weiyangzhang/SecurityTestWS/vulApp/controllers/account/profile.js"}
{"level":40,"time":1752999066070,"pid":83123,"hostname":"SF-WZHANG","msg":"⚠️  No POST handler in /Users/weiyangzhang/SecurityTestWS/vulApp/controllers/account/login.js"}
{"level":30,"time":1752999066071,"pid":83123,"hostname":"SF-WZHANG","msg":"🚀 Server is running on http://localhost:3000"}
{"level":40,"time":1752999221381,"pid":83732,"hostname":"SF-WZHANG","msg":"⚠️  No GET handler in /Users/weiyangzhang/SecurityTestWS/vulApp/controllers/index.js"}
{"level":40,"time":1752999221382,"pid":83732,"hostname":"SF-WZHANG","msg":"⚠️  No GET handler in /Users/weiyangzhang/SecurityTestWS/vulApp/controllers/account/profile.js"}
{"level":30,"time":1752999221383,"pid":83732,"hostname":"SF-WZHANG","msg":"🚀 Server is running on http://localhost:3000"}
{"level":40,"time":1752999259948,"pid":83929,"hostname":"SF-WZHANG","msg":"⚠️  No GET handler in /Users/weiyangzhang/SecurityTestWS/vulApp/controllers/index.js"}
{"level":40,"time":1752999259949,"pid":83929,"hostname":"SF-WZHANG","msg":"⚠️  Controller not found for route /account/profile → /Users/weiyangzhang/SecurityTestWS/vulApp/controllers/account/profile.js"}
{"level":30,"time":1752999259950,"pid":83929,"hostname":"SF-WZHANG","msg":"🚀 Server is running on http://localhost:3000"}
{"level":40,"time":1752999454722,"pid":84641,"hostname":"SF-WZHANG","msg":"⚠️  No GET handler in /Users/weiyangzhang/SecurityTestWS/vulApp/controllers/index.js"}
{"level":40,"time":1752999454723,"pid":84641,"hostname":"SF-WZHANG","msg":"⚠️  Controller not found for route /account/profile → /Users/weiyangzhang/SecurityTestWS/vulApp/controllers/account/profile.js"}
{"level":30,"time":1752999454724,"pid":84641,"hostname":"SF-WZHANG","msg":"🚀 Server is running on http://localhost:3000"}
{"level":40,"time":1752999670035,"pid":86391,"hostname":"SF-WZHANG","msg":"⚠️  No GET handler in /Users/weiyangzhang/SecurityTestWS/vulApp/controllers/index.js"}
{"level":30,"time":1752999670036,"pid":86391,"hostname":"SF-WZHANG","msg":"🚀 Server is running on http://localhost:3000"}
{"level":30,"time":1752999750053,"pid":86831,"hostname":"SF-WZHANG","msg":"🚀 Server is running on http://localhost:3000"}
{"level":30,"time":1752999755349,"pid":87014,"hostname":"SF-WZHANG","msg":"🚀 Server is running on http://localhost:3000"}
{"level":30,"time":1752999893627,"pid":87509,"hostname":"SF-WZHANG","msg":"🚀 Server is running on http://localhost:3000"}
{"level":30,"time":1752999910307,"pid":87636,"hostname":"SF-WZHANG","msg":"🚀 Server is running on http://localhost:3000"}
{"level":30,"time":1752999926020,"pid":87636,"hostname":"SF-WZHANG","msg":"User aaadad logged in successfully"}
{"level":50,"time":1752999937916,"pid":87636,"hostname":"SF-WZHANG","msg":"404 Not Found: /submit-order"}
{"level":30,"time":1753000157438,"pid":88773,"hostname":"SF-WZHANG","msg":"🚀 Server is running on http://localhost:3000"}
{"level":30,"time":1753000168721,"pid":88773,"hostname":"SF-WZHANG","msg":"User dffs logged in successfully"}
{"level":50,"time":1753000183172,"pid":88773,"hostname":"SF-WZHANG","msg":"404 Not Found: /apply-coupon"}
{"level":50,"time":1753032706468,"pid":26568,"hostname":"SF-WZHANG","msg":"Pool DB failed to get client"}
{"level":50,"time":1753032978630,"pid":29069,"hostname":"SF-WZHANG","msg":"Pool DB failed to get client"}
{"level":50,"time":1753032995190,"pid":29069,"hostname":"SF-WZHANG","msg":"Pool DB failed to get client"}
{"level":50,"time":1753033069728,"pid":29069,"hostname":"SF-WZHANG","msg":"Pool DB failed to get client"}
{"level":50,"time":1753033087589,"pid":30105,"hostname":"SF-WZHANG","msg":"Pool DB failed to get client"}
{"level":50,"time":1753033180907,"pid":29069,"hostname":"SF-WZHANG","msg":"Pool DB failed to get client"}
{"level":50,"time":1753033187316,"pid":30746,"hostname":"SF-WZHANG","msg":"Pool DB failed to get client"}
{"level":50,"time":1753033277085,"pid":31602,"hostname":"SF-WZHANG","msg":"Pool DB failed to get client"}
{"level":50,"time":1753033376598,"pid":32094,"hostname":"SF-WZHANG","msg":"Pool DB failed to get client"}
{"level":50,"time":1753033507903,"pid":32727,"hostname":"SF-WZHANG","msg":"Pool DB failed to get client"}
{"level":50,"time":1753033706940,"pid":33574,"hostname":"SF-WZHANG","msg":"Pool DB failed to get client"}
{"level":50,"time":1753033879834,"pid":34690,"hostname":"SF-WZHANG","msg":"Pool DB failed to get client"}
{"level":50,"time":1753033923517,"pid":35031,"hostname":"SF-WZHANG","msg":"Pool DB failed to get client"}
{"level":50,"time":1753033933288,"pid":35189,"hostname":"SF-WZHANG","msg":"Pool DB failed to get client"}
{"level":50,"time":1753034112971,"pid":35945,"hostname":"SF-WZHANG","msg":"Pool DB failed to get client"}
{"level":50,"time":1753034340144,"pid":36950,"hostname":"SF-WZHANG","msg":"Pool DB failed to get client"}
{"level":30,"time":1753037916194,"pid":53778,"hostname":"SF-WZHANG","msg":"🚀 Server is running on http://localhost:3000"}
{"level":50,"time":1753042248349,"pid":75168,"hostname":"SF-WZHANG","msg":"Pool DB failed to execute query"}
{"level":50,"time":1753042322566,"pid":75168,"hostname":"SF-WZHANG","msg":"Pool DB failed to execute query"}
{"level":50,"time":1753042325972,"pid":75930,"hostname":"SF-WZHANG","msg":"Pool DB failed to execute query"}
{"level":30,"time":1753044299258,"pid":91862,"hostname":"SF-WZHANG","msg":"🚀 Server is running on http://localhost:3000"}
